2025-04-06 04:21:31,664 - INFO - Скрипт запущен. Начинаем отслеживание изменений...
2025-04-06 04:21:31,670 - DEBUG - Текущее время модификации: 1743902491.6652062, Последнее время модификации: 0
2025-04-06 04:21:31,670 - INFO - Обнаружены изменения. Запуск синхронизации...
2025-04-06 04:21:31,670 - INFO - Начинаем процесс синхронизации с GitHub...
2025-04-06 04:21:32,538 - INFO - Файлы успешно добавлены в индекс Git.
2025-04-06 04:21:32,910 - INFO - Коммит выполнен: Автоматическая синхронизация
2025-04-06 04:21:35,725 - INFO - Изменения успешно отправлены на GitHub!
2025-04-06 04:46:44,636 - INFO - Скрипт запущен. Начинаем отслеживание изменений...
2025-04-06 04:46:44,643 - DEBUG - Текущее время модификации: 1743904004.6374698, Последнее время модификации: 0
2025-04-06 04:46:44,643 - INFO - Обнаружены изменения. Запуск синхронизации...
2025-04-06 04:46:44,644 - INFO - Начинаем процесс синхронизации с GitHub...
2025-04-06 04:46:45,641 - INFO - Файлы успешно добавлены в индекс Git.
2025-04-06 04:46:45,985 - INFO - Коммит выполнен: Automatic synchronization
2025-04-06 04:46:49,471 - INFO - Изменения успешно отправлены на GitHub!
2025-04-06 04:46:54,474 - DEBUG - Текущее время модификации: 1743904009.4714806, Последнее время модификации: 1743904004.6374698
2025-04-06 04:46:54,474 - INFO - Обнаружены изменения. Запуск синхронизации...
2025-04-06 04:46:54,474 - INFO - Начинаем процесс синхронизации с GitHub...
2025-04-06 04:46:54,942 - INFO - Файлы успешно добавлены в индекс Git.
2025-04-06 04:46:55,007 - ERROR - Ошибка при выполнении команды Git: Command '['git', 'commit', '-m', 'Automatic synchronization']' returned non-zero exit status 3221225786.
2025-04-06 04:48:41,582 - INFO - Скрипт запущен. Начинаем отслеживание изменений...
2025-04-06 04:48:41,586 - DEBUG - Текущее время модификации: 1743904121.5839581, Последнее время модификации: 0
2025-04-06 04:48:41,586 - INFO - Обнаружены изменения. Запуск синхронизации...
2025-04-06 04:48:41,586 - INFO - Начинаем процесс синхронизации с GitHub...
2025-04-06 04:48:41,966 - INFO - Файлы успешно добавлены в индекс Git.
2025-04-06 04:48:42,224 - INFO - Коммит выполнен: Automatic synchronization
2025-04-06 04:48:44,569 - INFO - Изменения успешно отправлены на GitHub!
2025-04-06 06:19:37,994 - INFO - Скрипт запущен. Начинаем отслеживание изменений...
2025-04-06 06:19:37,999 - DEBUG - Текущее время модификации: 1743909577.9946744, Последнее время модификации: 0
2025-04-06 06:19:37,999 - INFO - Обнаружены изменения. Запуск синхронизации...
2025-04-06 06:19:37,999 - INFO - Начинаем процесс синхронизации с GitHub...
2025-04-06 06:19:38,504 - INFO - Файлы успешно добавлены в индекс Git.
2025-04-06 06:19:38,791 - INFO - Коммит выполнен: Automatic synchronization
2025-04-06 06:19:41,680 - INFO - Изменения успешно отправлены на GitHub!
2025-04-12 10:12:15,022 - INFO - Скрипт запущен. Начинаем отслеживание изменений...
